This is pdfTeX, Version 3.14159265-2.6-1.40.19 (TeX Live 2018) (preloaded format=pdflatex 2018.4.16)  4 DEC 2018 21:52
entering extended mode
 restricted \write18 enabled.
 file:line:error style messages enabled.
 %&-line parsing enabled.
**\input main.tex
(./main.tex (/usr/local/texlive/2018/texmf-dist/tex/latex/base/article.cls
Document Class: article 2014/09/29 v1.4h Standard LaTeX document class
(/usr/local/texlive/2018/texmf-dist/tex/latex/base/size12.clo
File: size12.clo 2014/09/29 v1.4h Standard LaTeX file (size option)
)
\c@part=\count80
\c@section=\count81
\c@subsection=\count82
\c@subsubsection=\count83
\c@paragraph=\count84
\c@subparagraph=\count85
\c@figure=\count86
\c@table=\count87
\abovecaptionskip=\skip41
\belowcaptionskip=\skip42
\bibindent=\dimen102
)
(/usr/local/texlive/2018/texmf-dist/tex/latex/graphics/graphicx.sty
Package: graphicx 2017/06/01 v1.1a Enhanced LaTeX Graphics (DPC,SPQR)

(/usr/local/texlive/2018/texmf-dist/tex/latex/graphics/keyval.sty
Package: keyval 2014/10/28 v1.15 key=value parser (DPC)
\KV@toks@=\toks14
)
(/usr/local/texlive/2018/texmf-dist/tex/latex/graphics/graphics.sty
Package: graphics 2017/06/25 v1.2c Standard LaTeX Graphics (DPC,SPQR)

(/usr/local/texlive/2018/texmf-dist/tex/latex/graphics/trig.sty
Package: trig 2016/01/03 v1.10 sin cos tan (DPC)
)
(/usr/local/texlive/2018/texmf-dist/tex/latex/graphics-cfg/graphics.cfg
File: graphics.cfg 2016/06/04 v1.11 sample graphics configuration
)
Package graphics Info: Driver file: pdftex.def on input line 99.

(/usr/local/texlive/2018/texmf-dist/tex/latex/graphics-def/pdftex.def
File: pdftex.def 2018/01/08 v1.0l Graphics/color driver for pdftex
))
\Gin@req@height=\dimen103
\Gin@req@width=\dimen104
)
(/usr/local/texlive/2018/texmf-dist/tex/latex/amsmath/amsmath.sty
Package: amsmath 2017/09/02 v2.17a AMS math features
\@mathmargin=\skip43

For additional information on amsmath, use the `?' option.
(/usr/local/texlive/2018/texmf-dist/tex/latex/amsmath/amstext.sty
Package: amstext 2000/06/29 v2.01 AMS text

(/usr/local/texlive/2018/texmf-dist/tex/latex/amsmath/amsgen.sty
File: amsgen.sty 1999/11/30 v2.0 generic functions
\@emptytoks=\toks15
\ex@=\dimen105
))
(/usr/local/texlive/2018/texmf-dist/tex/latex/amsmath/amsbsy.sty
Package: amsbsy 1999/11/29 v1.2d Bold Symbols
\pmbraise@=\dimen106
)
(/usr/local/texlive/2018/texmf-dist/tex/latex/amsmath/amsopn.sty
Package: amsopn 2016/03/08 v2.02 operator names
)
\inf@bad=\count88
LaTeX Info: Redefining \frac on input line 213.
\uproot@=\count89
\leftroot@=\count90
LaTeX Info: Redefining \overline on input line 375.
\classnum@=\count91
\DOTSCASE@=\count92
LaTeX Info: Redefining \ldots on input line 472.
LaTeX Info: Redefining \dots on input line 475.
LaTeX Info: Redefining \cdots on input line 596.
\Mathstrutbox@=\box26
\strutbox@=\box27
\big@size=\dimen107
LaTeX Font Info:    Redeclaring font encoding OML on input line 712.
LaTeX Font Info:    Redeclaring font encoding OMS on input line 713.
\macc@depth=\count93
\c@MaxMatrixCols=\count94
\dotsspace@=\muskip10
\c@parentequation=\count95
\dspbrk@lvl=\count96
\tag@help=\toks16
\row@=\count97
\column@=\count98
\maxfields@=\count99
\andhelp@=\toks17
\eqnshift@=\dimen108
\alignsep@=\dimen109
\tagshift@=\dimen110
\tagwidth@=\dimen111
\totwidth@=\dimen112
\lineht@=\dimen113
\@envbody=\toks18
\multlinegap=\skip44
\multlinetaggap=\skip45
\mathdisplay@stack=\toks19
LaTeX Info: Redefining \[ on input line 2817.
LaTeX Info: Redefining \] on input line 2818.
)
(/usr/local/texlive/2018/texmf-dist/tex/latex/amsfonts/amssymb.sty
Package: amssymb 2013/01/14 v3.01 AMS font symbols

(/usr/local/texlive/2018/texmf-dist/tex/latex/amsfonts/amsfonts.sty
Package: amsfonts 2013/01/14 v3.01 Basic AMSFonts support
\symAMSa=\mathgroup4
\symAMSb=\mathgroup5
LaTeX Font Info:    Overwriting math alphabet `\mathfrak' in version `bold'
(Font)                  U/euf/m/n --> U/euf/b/n on input line 106.
))
(/usr/local/texlive/2018/texmf-dist/tex/latex/natbib/natbib.sty
Package: natbib 2010/09/13 8.31b (PWD, AO)
\bibhang=\skip46
\bibsep=\skip47
LaTeX Info: Redefining \cite on input line 694.
\c@NAT@ctr=\count100
)
(/usr/local/texlive/2018/texmf-dist/tex/latex/tools/verbatim.sty
Package: verbatim 2014/10/28 v1.5q LaTeX2e package for verbatim enhancements
\every@verbatim=\toks20
\verbatim@line=\toks21
\verbatim@in@stream=\read1
)
(/usr/local/texlive/2018/texmf-dist/tex/latex/sttools/floatpag.sty
Package: floatpag 2012/05/29 v1.1 Different pagestyles on float pages
Package: floatpag 1999/04/29 FLOAT PAGESTYLE
)
(/usr/local/texlive/2018/texmf-dist/tex/latex/subeqnarray/subeqnarray.sty
Package: subeqnarray 2004/04/15 v2.1c subeqnarray package
\c@subequation=\count101
)
(/usr/local/texlive/2018/texmf-dist/tex/latex/jknapltx/mathrsfs.sty
Package: mathrsfs 1996/01/01 Math RSFS package v1.0 (jk)
\symrsfs=\mathgroup6
)
(/usr/local/texlive/2018/texmf-dist/tex/latex/cancel/cancel.sty
Package: cancel 2013/04/12 v2.2 Cancel math terms
)
(/usr/local/texlive/2018/texmf-dist/tex/latex/caption/subcaption.sty
Package: subcaption 2016/05/22 v1.1-161 Sub-captions (AR)

(/usr/local/texlive/2018/texmf-dist/tex/latex/caption/caption.sty
Package: caption 2016/02/21 v3.3-144 Customizing captions (AR)

(/usr/local/texlive/2018/texmf-dist/tex/latex/caption/caption3.sty
Package: caption3 2016/05/22 v1.7-166 caption3 kernel (AR)
Package caption3 Info: TeX engine: e-TeX on input line 67.
\captionmargin=\dimen114
\captionmargin@=\dimen115
\captionwidth=\dimen116
\caption@tempdima=\dimen117
\caption@indent=\dimen118
\caption@parindent=\dimen119
\caption@hangindent=\dimen120
)
\c@ContinuedFloat=\count102
)
\c@subfigure=\count103
\c@subtable=\count104
)
(/usr/local/texlive/2018/texmf-dist/tex/latex/hyperref/hyperref.sty
Package: hyperref 2018/02/06 v6.86b Hypertext links for LaTeX

(/usr/local/texlive/2018/texmf-dist/tex/generic/oberdiek/hobsub-hyperref.sty
Package: hobsub-hyperref 2016/05/16 v1.14 Bundle oberdiek, subset hyperref (HO)


(/usr/local/texlive/2018/texmf-dist/tex/generic/oberdiek/hobsub-generic.sty
Package: hobsub-generic 2016/05/16 v1.14 Bundle oberdiek, subset generic (HO)
Package: hobsub 2016/05/16 v1.14 Construct package bundles (HO)
Package: infwarerr 2016/05/16 v1.4 Providing info/warning/error messages (HO)
Package: ltxcmds 2016/05/16 v1.23 LaTeX kernel commands for general use (HO)
Package: ifluatex 2016/05/16 v1.4 Provides the ifluatex switch (HO)
Package ifluatex Info: LuaTeX not detected.
Package: ifvtex 2016/05/16 v1.6 Detect VTeX and its facilities (HO)
Package ifvtex Info: VTeX not detected.
Package: intcalc 2016/05/16 v1.2 Expandable calculations with integers (HO)
Package: ifpdf 2017/03/15 v3.2 Provides the ifpdf switch
Package: etexcmds 2016/05/16 v1.6 Avoid name clashes with e-TeX commands (HO)
Package etexcmds Info: Could not find \expanded.
(etexcmds)             That can mean that you are not using pdfTeX 1.50 or
(etexcmds)             that some package has redefined \expanded.
(etexcmds)             In the latter case, load this package earlier.
Package: kvsetkeys 2016/05/16 v1.17 Key value parser (HO)
Package: kvdefinekeys 2016/05/16 v1.4 Define keys (HO)
Package: pdftexcmds 2018/01/30 v0.27 Utility functions of pdfTeX for LuaTeX (HO
)
Package pdftexcmds Info: LuaTeX not detected.
Package pdftexcmds Info: \pdf@primitive is available.
Package pdftexcmds Info: \pdf@ifprimitive is available.
Package pdftexcmds Info: \pdfdraftmode found.
Package: pdfescape 2016/05/16 v1.14 Implements pdfTeX's escape features (HO)
Package: bigintcalc 2016/05/16 v1.4 Expandable calculations on big integers (HO
)
Package: bitset 2016/05/16 v1.2 Handle bit-vector datatype (HO)
Package: uniquecounter 2016/05/16 v1.3 Provide unlimited unique counter (HO)
)
Package hobsub Info: Skipping package `hobsub' (already loaded).
Package: letltxmacro 2016/05/16 v1.5 Let assignment for LaTeX macros (HO)
Package: hopatch 2016/05/16 v1.3 Wrapper for package hooks (HO)
Package: xcolor-patch 2016/05/16 xcolor patch
Package: atveryend 2016/05/16 v1.9 Hooks at the very end of document (HO)
Package atveryend Info: \enddocument detected (standard20110627).
Package: atbegshi 2016/06/09 v1.18 At begin shipout hook (HO)
Package: refcount 2016/05/16 v3.5 Data extraction from label references (HO)
Package: hycolor 2016/05/16 v1.8 Color options for hyperref/bookmark (HO)
)
(/usr/local/texlive/2018/texmf-dist/tex/generic/ifxetex/ifxetex.sty
Package: ifxetex 2010/09/12 v0.6 Provides ifxetex conditional
)
(/usr/local/texlive/2018/texmf-dist/tex/latex/oberdiek/auxhook.sty
Package: auxhook 2016/05/16 v1.4 Hooks for auxiliary files (HO)
)
(/usr/local/texlive/2018/texmf-dist/tex/latex/oberdiek/kvoptions.sty
Package: kvoptions 2016/05/16 v3.12 Key value format for package options (HO)
)
\@linkdim=\dimen121
\Hy@linkcounter=\count105
\Hy@pagecounter=\count106

(/usr/local/texlive/2018/texmf-dist/tex/latex/hyperref/pd1enc.def
File: pd1enc.def 2018/02/06 v6.86b Hyperref: PDFDocEncoding definition (HO)
Now handling font encoding PD1 ...
... no UTF-8 mapping file for font encoding PD1
)
\Hy@SavedSpaceFactor=\count107

(/usr/local/texlive/2018/texmf-dist/tex/latex/latexconfig/hyperref.cfg
File: hyperref.cfg 2002/06/06 v1.2 hyperref configuration of TeXLive
)
Package hyperref Info: Hyper figures OFF on input line 4509.
Package hyperref Info: Link nesting OFF on input line 4514.
Package hyperref Info: Hyper index ON on input line 4517.
Package hyperref Info: Plain pages OFF on input line 4524.
Package hyperref Info: Backreferencing OFF on input line 4529.
Package hyperref Info: Implicit mode ON; LaTeX internals redefined.
Package hyperref Info: Bookmarks ON on input line 4762.
\c@Hy@tempcnt=\count108

(/usr/local/texlive/2018/texmf-dist/tex/latex/url/url.sty
\Urlmuskip=\muskip11
Package: url 2013/09/16  ver 3.4  Verb mode for urls, etc.
)
LaTeX Info: Redefining \url on input line 5115.
\XeTeXLinkMargin=\dimen122
\Fld@menulength=\count109
\Field@Width=\dimen123
\Fld@charsize=\dimen124
Package hyperref Info: Hyper figures OFF on input line 6369.
Package hyperref Info: Link nesting OFF on input line 6374.
Package hyperref Info: Hyper index ON on input line 6377.
Package hyperref Info: backreferencing OFF on input line 6384.
Package hyperref Info: Link coloring OFF on input line 6389.
Package hyperref Info: Link coloring with OCG OFF on input line 6394.
Package hyperref Info: PDF/A mode OFF on input line 6399.
LaTeX Info: Redefining \ref on input line 6439.
LaTeX Info: Redefining \pageref on input line 6443.
\Hy@abspage=\count110
\c@Item=\count111
\c@Hfootnote=\count112
)
Package hyperref Info: Driver (autodetected): hpdftex.

(/usr/local/texlive/2018/texmf-dist/tex/latex/hyperref/hpdftex.def
File: hpdftex.def 2018/02/06 v6.86b Hyperref driver for pdfTeX
\Fld@listcount=\count113
\c@bookmark@seq@number=\count114

(/usr/local/texlive/2018/texmf-dist/tex/latex/oberdiek/rerunfilecheck.sty
Package: rerunfilecheck 2016/05/16 v1.8 Rerun checks for auxiliary files (HO)
Package uniquecounter Info: New unique counter `rerunfilecheck' on input line 2
82.
)
\Hy@SectionHShift=\skip48
)
(/usr/local/texlive/2018/texmf-dist/tex/latex/wrapfig/wrapfig.sty
\wrapoverhang=\dimen125
\WF@size=\dimen126
\c@WF@wrappedlines=\count115
\WF@box=\box28
\WF@everypar=\toks22
Package: wrapfig 2003/01/31  v 3.6
)
(/usr/local/texlive/2018/texmf-dist/tex/latex/amscls/amsthm.sty
Package: amsthm 2017/10/31 v2.20.4
\thm@style=\toks23
\thm@bodyfont=\toks24
\thm@headfont=\toks25
\thm@notefont=\toks26
\thm@headpunct=\toks27
\thm@preskip=\skip49
\thm@postskip=\skip50
\thm@headsep=\skip51
\dth@everypar=\toks28
)
\c@theorem=\count116
\c@lemma=\count117
\c@prop=\count118

(/usr/local/texlive/2018/texmf-dist/tex/latex/bbm-macros/bbm.sty
Package: bbm 1999/03/15 V 1.2 provides fonts for set symbols - TH
LaTeX Font Info:    Overwriting math alphabet `\mathbbm' in version `bold'
(Font)                  U/bbm/m/n --> U/bbm/bx/n on input line 33.
LaTeX Font Info:    Overwriting math alphabet `\mathbbmss' in version `bold'
(Font)                  U/bbmss/m/n --> U/bbmss/bx/n on input line 35.
)
(/usr/local/texlive/2018/texmf-dist/tex/latex/psnfss/times.sty
Package: times 2005/04/12 PSNFSS-v9.2a (SPQR) 
) (./main.aux)
\openout1 = `main.aux'.

LaTeX Font Info:    Checking defaults for OML/cmm/m/it on input line 54.
LaTeX Font Info:    ... okay on input line 54.
LaTeX Font Info:    Checking defaults for T1/cmr/m/n on input line 54.
LaTeX Font Info:    ... okay on input line 54.
LaTeX Font Info:    Checking defaults for OT1/cmr/m/n on input line 54.
LaTeX Font Info:    ... okay on input line 54.
LaTeX Font Info:    Checking defaults for OMS/cmsy/m/n on input line 54.
LaTeX Font Info:    ... okay on input line 54.
LaTeX Font Info:    Checking defaults for OMX/cmex/m/n on input line 54.
LaTeX Font Info:    ... okay on input line 54.
LaTeX Font Info:    Checking defaults for U/cmr/m/n on input line 54.
LaTeX Font Info:    ... okay on input line 54.
LaTeX Font Info:    Checking defaults for PD1/pdf/m/n on input line 54.
LaTeX Font Info:    ... okay on input line 54.
LaTeX Font Info:    Try loading font information for OT1+ptm on input line 54.

(/usr/local/texlive/2018/texmf-dist/tex/latex/psnfss/ot1ptm.fd
File: ot1ptm.fd 2001/06/04 font definitions for OT1/ptm.
)
(/usr/local/texlive/2018/texmf-dist/tex/context/base/mkii/supp-pdf.mkii
[Loading MPS to PDF converter (version 2006.09.02).]
\scratchcounter=\count119
\scratchdimen=\dimen127
\scratchbox=\box29
\nofMPsegments=\count120
\nofMParguments=\count121
\everyMPshowfont=\toks29
\MPscratchCnt=\count122
\MPscratchDim=\dimen128
\MPnumerator=\count123
\makeMPintoPDFobject=\count124
\everyMPtoPDFconversion=\toks30
) (/usr/local/texlive/2018/texmf-dist/tex/latex/oberdiek/epstopdf-base.sty
Package: epstopdf-base 2016/05/15 v2.6 Base part for package epstopdf

(/usr/local/texlive/2018/texmf-dist/tex/latex/oberdiek/grfext.sty
Package: grfext 2016/05/16 v1.2 Manage graphics extensions (HO)
)
Package epstopdf-base Info: Redefining graphics rule for `.eps' on input line 4
38.
Package grfext Info: Graphics extension search list:
(grfext)             [.pdf,.png,.jpg,.mps,.jpeg,.jbig2,.jb2,.PDF,.PNG,.JPG,.JPE
G,.JBIG2,.JB2,.eps]
(grfext)             \AppendGraphicsExtensions on input line 456.

(/usr/local/texlive/2018/texmf-dist/tex/latex/latexconfig/epstopdf-sys.cfg
File: epstopdf-sys.cfg 2010/07/13 v1.3 Configuration of (r)epstopdf for TeX Liv
e
))
Package caption Info: Begin \AtBeginDocument code.
Package caption Info: hyperref package is loaded.
Package caption Info: wrapfig package is loaded.
Package caption Info: End \AtBeginDocument code.
\AtBeginShipoutBox=\box30
Package hyperref Info: Link coloring OFF on input line 54.

(/usr/local/texlive/2018/texmf-dist/tex/latex/hyperref/nameref.sty
Package: nameref 2016/05/21 v2.44 Cross-referencing by name of section

(/usr/local/texlive/2018/texmf-dist/tex/generic/oberdiek/gettitlestring.sty
Package: gettitlestring 2016/05/16 v1.5 Cleanup title references (HO)
)
\c@section@level=\count125
)
LaTeX Info: Redefining \ref on input line 54.
LaTeX Info: Redefining \pageref on input line 54.
LaTeX Info: Redefining \nameref on input line 54.

(./main.out) (./main.out)
\@outlinefile=\write3
\openout3 = `main.out'.

LaTeX Font Info:    Try loading font information for U+msa on input line 59.

(/usr/local/texlive/2018/texmf-dist/tex/latex/amsfonts/umsa.fd
File: umsa.fd 2013/01/14 v3.01 AMS symbols A
)
LaTeX Font Info:    Try loading font information for U+msb on input line 59.

(/usr/local/texlive/2018/texmf-dist/tex/latex/amsfonts/umsb.fd
File: umsb.fd 2013/01/14 v3.01 AMS symbols B
)
LaTeX Font Info:    Try loading font information for U+rsfs on input line 59.

(/usr/local/texlive/2018/texmf-dist/tex/latex/jknapltx/ursfs.fd
File: ursfs.fd 1998/03/24 rsfs font definition file (jk)
)
LaTeX Font Info:    Font shape `OT1/ptm/bx/n' in size <10.95> not available
(Font)              Font shape `OT1/ptm/b/n' tried instead on input line 60.

(./introduction.tex
LaTeX Font Info:    Font shape `OT1/ptm/bx/n' in size <17.28> not available
(Font)              Font shape `OT1/ptm/b/n' tried instead on input line 3.

Underfull \hbox (badness 10000) in paragraph at lines 4--58

 []


Overfull \hbox (0.19695pt too wide) in paragraph at lines 4--58
\OT1/ptm/m/n/12 Now, Gra-di-ent Flow is widely used as a con-tin-u-ous ap-prox-
i-ma-tion of the Gra-di-ent De-scent Method.
 []


Underfull \hbox (badness 10000) in paragraph at lines 4--58

 []


Underfull \hbox (badness 10000) in paragraph at lines 4--58

 []


Underfull \hbox (badness 10000) in paragraph at lines 4--58

 []

[1

{/usr/local/texlive/2018/texmf-var/fonts/map/pdftex/updmap/pdftex.map}])
(./grad_flow.tex
Underfull \vbox (badness 10000) has occurred while \output is active []

 [2]
Underfull \hbox (badness 10000) in paragraph at lines 8--18

 []

LaTeX Font Info:    Font shape `OT1/ptm/bx/n' in size <12> not available
(Font)              Font shape `OT1/ptm/b/n' tried instead on input line 19.
[3]) (./integration.tex [4]
Underfull \hbox (badness 10000) in paragraph at lines 24--39

 []

[5]
Underfull \hbox (badness 10000) in paragraph at lines 54--61

 []


Underfull \hbox (badness 10000) in paragraph at lines 65--75

 []

[6]) (./rk2Ralston.tex
Underfull \hbox (badness 10000) in paragraph at lines 97--2

 []


Underfull \vbox (badness 10000) has occurred while \output is active []

 [7]
LaTeX Font Info:    Font shape `OT1/ptm/bx/n' in size <14.4> not available
(Font)              Font shape `OT1/ptm/b/n' tried instead on input line 18.

Overfull \hbox (7.45375pt too wide) detected at line 44
[]
 []


Underfull \vbox (badness 10000) has occurred while \output is active []

 [8]
Underfull \vbox (badness 10000) has occurred while \output is active []

 [9]
Underfull \vbox (badness 10000) has occurred while \output is active []

 [10]
[11]
Underfull \vbox (badness 10000) has occurred while \output is active []

 [12])
(./rk2_heun.tex
Underfull \vbox (badness 2142) has occurred while \output is active []

 [13]
Underfull \vbox (badness 2556) has occurred while \output is active []

 [14]
[15]) (./deep_learning.tex) (./biblio.tex [16]) (./experiments.tex
<lasso_4.png, id=202, 834.11626pt x 602.25pt>
File: lasso_4.png Graphic file (type png)
<use lasso_4.png>
Package pdftex.def Info: lasso_4.png  used on input line 28.
(pdftex.def)             Requested size: 333.6406pt x 240.89572pt.
<lasso_3.png, id=204, 836.12375pt x 594.22pt>
File: lasso_3.png Graphic file (type png)
<use lasso_3.png>
Package pdftex.def Info: lasso_3.png  used on input line 33.
(pdftex.def)             Requested size: 334.44357pt x 237.68379pt.
<lasso_1.png, id=205, 818.05624pt x 609.27625pt>
File: lasso_1.png Graphic file (type png)
<use lasso_1.png>
Package pdftex.def Info: lasso_1.png  used on input line 43.
(pdftex.def)             Requested size: 327.21669pt x 243.70618pt.

Underfull \hbox (badness 10000) in paragraph at lines 25--45

 []

[17]
Underfull \vbox (badness 10000) has occurred while \output is active []

 [18 <./lasso_4.png> <./lasso_3.png>]
<non_param_test.png, id=218, 687.56876pt x 162.6075pt>
File: non_param_test.png Graphic file (type png)
<use non_param_test.png>
Package pdftex.def Info: non_param_test.png  used on input line 64.
(pdftex.def)             Requested size: 343.78354pt x 81.30354pt.
 [19 <./lasso_1.png>]
<cifar_resnet18_test_loss.png, id=229, 777.90625pt x 305.64188pt>
File: cifar_resnet18_test_loss.png Graphic file (type png)
<use cifar_resnet18_test_loss.png>
Package pdftex.def Info: cifar_resnet18_test_loss.png  used on input line 87.
(pdftex.def)             Requested size: 388.95216pt x 152.82056pt.
<plots/res_cifar.png, id=230, 492.84125pt x 311.1625pt>
File: plots/res_cifar.png Graphic file (type png)
<use plots/res_cifar.png>
Package pdftex.def Info: plots/res_cifar.png  used on input line 99.
(pdftex.def)             Requested size: 221.7765pt x 140.02182pt.
<plots/res_cifar_2.png, id=231, 475.7775pt x 304.13625pt>
File: plots/res_cifar_2.png Graphic file (type png)
<use plots/res_cifar_2.png>
Package pdftex.def Info: plots/res_cifar_2.png  used on input line 102.
(pdftex.def)             Requested size: 214.09789pt x 136.86003pt.
<plots/res_cifar_3.png, id=232, 488.82625pt x 304.13625pt>
File: plots/res_cifar_3.png Graphic file (type png)
<use plots/res_cifar_3.png>
Package pdftex.def Info: plots/res_cifar_3.png  used on input line 105.
(pdftex.def)             Requested size: 219.96977pt x 136.86003pt.
<plots/res_cifar_4.png, id=233, 483.8075pt x 302.12875pt>
File: plots/res_cifar_4.png Graphic file (type png)
<use plots/res_cifar_4.png>
Package pdftex.def Info: plots/res_cifar_4.png  used on input line 108.
(pdftex.def)             Requested size: 217.71136pt x 135.95668pt.

Overfull \hbox (2.28001pt too wide) in paragraph at lines 98--110
[]$[]$ $[]$
 []


Overfull \hbox (2.28001pt too wide) in paragraph at lines 98--110
[]$ $[]$ 
 []

<imagenet_resnet18_test_acc.png, id=234, 886.81313pt x 249.43187pt>
File: imagenet_resnet18_test_acc.png Graphic file (type png)
<use imagenet_resnet18_test_acc.png>
Package pdftex.def Info: imagenet_resnet18_test_acc.png  used on input line 150
.
(pdftex.def)             Requested size: 443.40547pt x 124.71562pt.

Underfull \hbox (badness 10000) in paragraph at lines 132--153

 []


Underfull \hbox (badness 10000) in paragraph at lines 132--153

 []


Underfull \vbox (badness 10000) has occurred while \output is active []

 [20 <./non_param_test.png> <./cifar_resnet18_test_loss.png>]
<imagenet_resnet18_test_loss.png, id=244, 887.81688pt x 174.15062pt>
File: imagenet_resnet18_test_loss.png Graphic file (type png)
<use imagenet_resnet18_test_loss.png>
Package pdftex.def Info: imagenet_resnet18_test_loss.png  used on input line 15
5.
(pdftex.def)             Requested size: 443.90735pt x 87.07509pt.
<imagenet_resnet18_train_acc.png, id=245, 888.31876pt x 247.92625pt>
File: imagenet_resnet18_train_acc.png Graphic file (type png)
<use imagenet_resnet18_train_acc.png>
Package pdftex.def Info: imagenet_resnet18_train_acc.png  used on input line 16
0.
(pdftex.def)             Requested size: 444.1583pt x 123.96281pt.
<imagenet_resnet18_train_loss.png, id=246, 804.50563pt x 171.13937pt>
File: imagenet_resnet18_train_loss.png Graphic file (type png)
<use imagenet_resnet18_train_loss.png>
Package pdftex.def Info: imagenet_resnet18_train_loss.png  used on input line 1
65.
(pdftex.def)             Requested size: 402.25183pt x 85.56946pt.
<plots/imagenet.png, id=247, 482.80376pt x 307.1475pt>
File: plots/imagenet.png Graphic file (type png)
<use plots/imagenet.png>
Package pdftex.def Info: plots/imagenet.png  used on input line 170.
(pdftex.def)             Requested size: 241.40129pt x 153.57336pt.
<plots/imagenet_1.png, id=248, 481.8pt x 307.1475pt>
File: plots/imagenet_1.png Graphic file (type png)
<use plots/imagenet_1.png>
Package pdftex.def Info: plots/imagenet_1.png  used on input line 171.
(pdftex.def)             Requested size: 240.8994pt x 153.57336pt.
<plots/imagenet_2.png, id=249, 483.8075pt x 300.12125pt>
File: plots/imagenet_2.png Graphic file (type png)
<use plots/imagenet_2.png>
Package pdftex.def Info: plots/imagenet_2.png  used on input line 172.
(pdftex.def)             Requested size: 241.90315pt x 150.06026pt.
<plots/imagenet_3.png, id=250, 486.81876pt x 312.16624pt>
File: plots/imagenet_3.png Graphic file (type png)
<use plots/imagenet_3.png>
Package pdftex.def Info: plots/imagenet_3.png  used on input line 173.
(pdftex.def)             Requested size: 243.40878pt x 156.08273pt.

Overfull \hbox (14.82573pt too wide) in paragraph at lines 170--174
[][] []
 []


Overfull \hbox (17.83698pt too wide) in paragraph at lines 170--174
[] [] 
 []

<plots/wide_resnet16.png, id=251, 485.815pt x 306.14375pt>
File: plots/wide_resnet16.png Graphic file (type png)
<use plots/wide_resnet16.png>
Package pdftex.def Info: plots/wide_resnet16.png  used on input line 184.
(pdftex.def)             Requested size: 242.9069pt x 153.07149pt.
<plots/wide_resnet16_1.png, id=252, 474.77374pt x 299.1175pt>
File: plots/wide_resnet16_1.png Graphic file (type png)
<use plots/wide_resnet16_1.png>
Package pdftex.def Info: plots/wide_resnet16_1.png  used on input line 185.
(pdftex.def)             Requested size: 237.38629pt x 149.55838pt.
<plots/wide_resnet16_2.png, id=253, 483.8075pt x 314.17375pt>
File: plots/wide_resnet16_2.png Graphic file (type png)
<use plots/wide_resnet16_2.png>
Package pdftex.def Info: plots/wide_resnet16_2.png  used on input line 186.
(pdftex.def)             Requested size: 241.90315pt x 157.08649pt.
<plots/wide_resnet16_3.png, id=254, 495.8525pt x 309.155pt>
File: plots/wide_resnet16_3.png Graphic file (type png)
<use plots/wide_resnet16_3.png>
Package pdftex.def Info: plots/wide_resnet16_3.png  used on input line 187.
(pdftex.def)             Requested size: 247.92564pt x 154.57712pt.

Overfull \hbox (12.81824pt too wide) in paragraph at lines 184--188
[][] []
 []


Overfull \hbox (22.35384pt too wide) in paragraph at lines 184--188
[] [] 
 []


Underfull \vbox (badness 10000) has occurred while \output is active []

 [21 <./plots/res_cifar.png> <./plots/res_cifar_2.png> <./plots/res_cifar_3.png
> <./plots/res_cifar_4.png>]
<plots/wide_resnet28.png, id=265, 482.80376pt x 310.15875pt>
File: plots/wide_resnet28.png Graphic file (type png)
<use plots/wide_resnet28.png>
Package pdftex.def Info: plots/wide_resnet28.png  used on input line 231.
(pdftex.def)             Requested size: 241.40129pt x 155.079pt.
<plots/wide_resnet28_1.png, id=266, 484.81125pt x 310.15875pt>
File: plots/wide_resnet28_1.png Graphic file (type png)
<use plots/wide_resnet28_1.png>
Package pdftex.def Info: plots/wide_resnet28_1.png  used on input line 232.
(pdftex.def)             Requested size: 242.40503pt x 155.079pt.
<plots/wide_resnet28_2.png, id=267, 488.82625pt x 307.1475pt>
File: plots/wide_resnet28_2.png Graphic file (type png)
<use plots/wide_resnet28_2.png>
Package pdftex.def Info: plots/wide_resnet28_2.png  used on input line 233.
(pdftex.def)             Requested size: 244.41252pt x 153.57336pt.
<plots/wide_resnet28_3.png, id=268, 481.8pt x 310.15875pt>
File: plots/wide_resnet28_3.png Graphic file (type png)
<use plots/wide_resnet28_3.png>
Package pdftex.def Info: plots/wide_resnet28_3.png  used on input line 234.
(pdftex.def)             Requested size: 240.8994pt x 155.079pt.

Overfull \hbox (16.33136pt too wide) in paragraph at lines 231--235
[][] []
 []


Overfull \hbox (17.83696pt too wide) in paragraph at lines 231--235
[] [] 
 []

)
Package atveryend Info: Empty hook `BeforeClearDocument' on input line 84.
 [22 <./imagenet_resnet18_test_acc.png> <./imagenet_resnet18_test_loss.png> <./
imagenet_resnet18_train_acc.png>]
Overfull \vbox (8.18385pt too high) has occurred while \output is active []


[23 <./imagenet_resnet18_train_loss.png> <./plots/imagenet.png> <./plots/imagen
et_1.png> <./plots/imagenet_2.png> <./plots/imagenet_3.png>]
Overfull \vbox (8.18385pt too high) has occurred while \output is active []


[24 <./plots/wide_resnet16.png> <./plots/wide_resnet16_1.png> <./plots/wide_res
net16_2.png> <./plots/wide_resnet16_3.png>]
Overfull \vbox (8.18385pt too high) has occurred while \output is active []


[25 <./plots/wide_resnet28.png> <./plots/wide_resnet28_1.png> <./plots/wide_res
net28_2.png> <./plots/wide_resnet28_3.png>]
Package atveryend Info: Empty hook `AfterLastShipout' on input line 84.
 (./main.aux)
Package atveryend Info: Executing hook `AtVeryEndDocument' on input line 84.
Package atveryend Info: Executing hook `AtEndAfterFileList' on input line 84.
Package rerunfilecheck Info: File `main.out' has not changed.
(rerunfilecheck)             Checksum: 8B489B783C944752A351E1D39EAA39A4;761.
Package atveryend Info: Empty hook `AtVeryVeryEnd' on input line 84.
 ) 
Here is how much of TeX's memory you used:
 7894 strings out of 492649
 118216 string characters out of 6129622
 216815 words of memory out of 5000000
 11525 multiletter control sequences out of 15000+600000
 29261 words of font info for 75 fonts, out of 8000000 for 9000
 1141 hyphenation exceptions out of 8191
 42i,18n,40p,469b,426s stack positions out of 5000i,500n,10000p,200000b,80000s
{/usr/local/texlive/2018/texmf-dist/fonts/enc/dvips/base/8r.enc}</usr/local/t
exlive/2018/texmf-dist/fonts/type1/public/amsfonts/cm/cmex10.pfb></usr/local/te
xlive/2018/texmf-dist/fonts/type1/public/amsfonts/cm/cmmi12.pfb></usr/local/tex
live/2018/texmf-dist/fonts/type1/public/amsfonts/cm/cmmi6.pfb></usr/local/texli
ve/2018/texmf-dist/fonts/type1/public/amsfonts/cm/cmmi8.pfb></usr/local/texlive
/2018/texmf-dist/fonts/type1/public/amsfonts/cm/cmr12.pfb></usr/local/texlive/2
018/texmf-dist/fonts/type1/public/amsfonts/cm/cmr6.pfb></usr/local/texlive/2018
/texmf-dist/fonts/type1/public/amsfonts/cm/cmr8.pfb></usr/local/texlive/2018/te
xmf-dist/fonts/type1/public/amsfonts/cm/cmsy10.pfb></usr/local/texlive/2018/tex
mf-dist/fonts/type1/public/amsfonts/cm/cmsy6.pfb></usr/local/texlive/2018/texmf
-dist/fonts/type1/public/amsfonts/cm/cmsy8.pfb></usr/local/texlive/2018/texmf-d
ist/fonts/type1/public/amsfonts/symbols/msbm10.pfb></usr/local/texlive/2018/tex
mf-dist/fonts/type1/urw/times/utmb8a.pfb></usr/local/texlive/2018/texmf-dist/fo
nts/type1/urw/times/utmr8a.pfb></usr/local/texlive/2018/texmf-dist/fonts/type1/
urw/times/utmri8a.pfb>
Output written on main.pdf (25 pages, 3146867 bytes).
PDF statistics:
 378 PDF objects out of 1000 (max. 8388607)
 277 compressed objects within 3 object streams
 91 named destinations out of 1000 (max. 500000)
 238 words of extra memory for PDF output out of 10000 (max. 10000000)

